make all --print-data-base --no-builtin-variables --no-builtin-rules --question
# GNU Make 4.3
# Built for x86_64-pc-linux-gnu
# Copyright (C) 1988-2020 Free Software Foundation, Inc.
# License GPLv3+: GNU GPL version 3 or later <http://gnu.org/licenses/gpl.html>
# This is free software: you are free to change and redistribute it.
# There is NO WARRANTY, to the extent permitted by law.

# Make data base, printed on Fri Jan 24 22:04:14 2025

# Variables

# environment
GDK_BACKEND = x11
# makefile (from 'Makefile', line 103)
AS = $(PREFIX)gcc -x assembler-with-cpp
# makefile (from 'Makefile', line 173)
LIBDIR = 
# environment
LC_ALL = C
# environment
SSH_AGENT_LAUNCHER = openssh
# environment
GTK_RC_FILES = /etc/gtk/gtkrc:/home/dima/.gtkrc:/home/dima/.config/gtkrc
# environment
VSCODE_CRASH_REPORTER_PROCESS_TYPE = extensionHost
# environment
VSCODE_CWD = /home/dima
# makefile (from 'Makefile', line 172)
LIBS = -lc -lm -lnosys 
# makefile (from 'Makefile', line 139)
C_INCLUDES = -ICore/Inc -IDrivers/STM32G0xx_HAL_Driver/Inc -IDrivers/STM32G0xx_HAL_Driver/Inc/Legacy -IDrivers/CMSIS/Device/ST/STM32G0xx/Include -IModules/modbus/include -IModules/modbus/port -IModules/modbus/rtu -IModules/modbus/ascii -IDrivers/CMSIS/Include
# makefile (from 'Makefile', line 105)
SZ = $(PREFIX)size
# default
MAKE_COMMAND := make
# environment
APPLICATIONINSIGHTS_CONFIGURATION_CONTENT = {}
# environment
QT_ACCESSIBILITY = 1
# automatic
@D = $(patsubst %/,%,$(dir $@))
# makefile (from 'Makefile', line 130)
C_DEFS = -DUSE_HAL_DRIVER -DSTM32G031xx
# environment
VSCODE_HANDLES_UNCAUGHT_ERRORS = true
# default
.VARIABLES := 
# environment
PWD = /home/dima/STM32/STM32G0
# automatic
%D = $(patsubst %/,%,$(dir $%))
# automatic
^D = $(patsubst %/,%,$(dir $^))
# automatic
%F = $(notdir $%)
# environment
VSCODE_CODE_CACHE_PATH = /home/dima/.config/Code/CachedData/f1a4fb101478ce6ec82fe9627c43efbf9e98c813
# environment
XDG_SESSION_PATH = /org/freedesktop/DisplayManager/Session1
# makefile (from 'Makefile', line 127)
AS_DEFS = 
# environment
LANG = C
# environment
XAUTHORITY = /run/user/1001/xauth_hPBxlI
# default
.LOADED := 
# default
.INCLUDE_DIRS = /usr/local/include /usr/include /usr/include
# makefile
MAKEFLAGS = pqrR
# environment
PLASMA_USE_QT_SCALING = 1
# makefile
CURDIR := /home/dima/STM32/STM32G0
# makefile (from 'Makefile', line 107)
HEX = $(CP) -O ihex
# environment
APPLICATION_INSIGHTS_NO_DIAGNOSTIC_CHANNEL = 1
# makefile (from 'Makefile', line 169)
LDSCRIPT = STM32G031J6Mx_FLASH.ld
# automatic
*D = $(patsubst %/,%,$(dir $*))
# environment
PAM_KWALLET5_LOGIN = /run/user/1001/kwallet5.socket
# environment
MFLAGS = -pqrR
# environment
SSH_AUTH_SOCK = /run/user/1001/openssh_agent
# default
.SHELLFLAGS := -c
# environment
WAYLAND_DISPLAY = wayland-0
# environment
XDG_CONFIG_DIRS = /home/dima/.config/kdedefaults:/etc/xdg:/usr/share/desktop-base/kf5-settings
# automatic
+D = $(patsubst %/,%,$(dir $+))
# environment
XCURSOR_THEME = breeze_cursors
# environment
XDG_SESSION_DESKTOP = KDE
# makefile (from 'Makefile', line 1)
MAKEFILE_LIST := Makefile
# makefile (from 'Makefile', line 152)
ASFLAGS = $(MCU) $(AS_DEFS) $(AS_INCLUDES) $(OPT) -Wall -fdata-sections -ffunction-sections
# automatic
@F = $(notdir $@)
# environment
VSCODE_PID = 1223055
# environment
XDG_SESSION_TYPE = wayland
# automatic
?D = $(patsubst %/,%,$(dir $?))
# makefile (from 'Makefile', line 136)
AS_INCLUDES = 
# makefile (from 'Makefile', line 104)
CP = $(PREFIX)objcopy
# environment
SESSION_MANAGER = local/MiWiFi-R4-srv:@/tmp/.ICE-unix/1448,unix/MiWiFi-R4-srv:/tmp/.ICE-unix/1448
# automatic
*F = $(notdir $*)
# environment
XKB_DEFAULT_MODEL = pc105
# environment
CHROME_DESKTOP = code.desktop
# environment
DBUS_SESSION_BUS_ADDRESS = unix:path=/run/user/1001/bus
# automatic
<D = $(patsubst %/,%,$(dir $<))
# environment
VSCODE_NLS_CONFIG = {"userLocale":"ru","osLocale":"ru","resolvedLanguage":"en","defaultMessagesFile":"/usr/share/code/resources/app/out/nls.messages.json","locale":"ru","availableLanguages":{}}
# environment
XKB_DEFAULT_OPTIONS = grp:alt_shift_toggle,terminate:ctrl_alt_bksp,grp_led:scroll
# default
MAKE_HOST := x86_64-pc-linux-gnu
# makefile
SHELL = /bin/sh
# default
MAKECMDGOALS := all
# environment
SHLVL = 0
# environment
MAKELEVEL := 0
# default
MAKE = $(MAKE_COMMAND)
# environment
PATH = /bin:/usr/bin
# default
MAKEFILES := 
# environment
LANGUAGE = ru:en_US
# makefile (from 'Makefile', line 87)
ASMM_SOURCES = 
# automatic
^F = $(notdir $^)
# makefile (from 'Makefile', line 93)
PREFIX = arm-none-eabi-
# environment
INVOCATION_ID = 9b6db00639644b3784e0879701631aea
# makefile (from 'Makefile', line 114)
CPU = -mcpu=cortex-m0plus
# automatic
?F = $(notdir $?)
# environment
KDE_APPLICATIONS_AS_SCOPE = 1
# environment
XDG_SEAT = seat0
# environment
XDG_CURRENT_DESKTOP = KDE
# environment
XKB_DEFAULT_VARIANT = ,
# automatic
+F = $(notdir $+)
# environment
XDG_SEAT_PATH = /org/freedesktop/DisplayManager/Seat0
# environment
DESKTOP_SESSION = plasmawayland
# environment
ORIGINAL_XDG_CURRENT_DESKTOP = KDE
# makefile (from 'Makefile', line 189)
OBJECTS = $(addprefix $(BUILD_DIR)/,$(notdir $(C_SOURCES:.c=.o))) $(addprefix $(BUILD_DIR)/,$(notdir $(ASM_SOURCES:.s=.o))) $(addprefix $(BUILD_DIR)/,$(notdir $(ASMM_SOURCES:.S=.o)))
# 'override' directive
GNUMAKEFLAGS := 
# environment
LOGNAME = dima
# makefile (from 'Makefile', line 25)
OPT = -Og
# environment
XDG_VTNR = 1
# makefile
.DEFAULT_GOAL := all
# environment
SYSTEMD_EXEC_PID = 1499
# environment
DISPLAY = :1
# environment
USER = dima
# default
MAKE_VERSION := 4.3
# environment
KDE_SESSION_UID = 1001
# makefile (from 'Makefile', line 174)
LDFLAGS = $(MCU) -specs=nano.specs -T$(LDSCRIPT) $(LIBDIR) $(LIBS) -Wl,-Map=$(BUILD_DIR)/$(TARGET).map,--cref -Wl,--gc-sections
# environment
MANAGERPID = 920
# environment
QT_WAYLAND_FORCE_DPI = 96
# makefile (from 'Makefile', line 123)
MCU = $(CPU) -mthumb $(FPU) $(FLOAT-ABI)
# environment
XKB_DEFAULT_LAYOUT = us,ru
# environment
_ = /usr/share/code/code
# makefile (from 'Makefile', line 108)
BIN = $(CP) -O binary -S
# environment
XDG_RUNTIME_DIR = /run/user/1001
# makefile (from 'Makefile', line 162)
CFLAGS = $(MCU) $(C_DEFS) $(C_INCLUDES) $(OPT) -Wall -fdata-sections -ffunction-sections -g -gdwarf-2 -MMD -MP -MF"$(@:%.o=%.d)"
# environment
JOURNAL_STREAM = 8:18849
# environment
XDG_SESSION_CLASS = user
# makefile (from 'Makefile', line 32)
BUILD_DIR = build
# environment
GTK2_RC_FILES = /etc/gtk-2.0/gtkrc:/home/dima/.gtkrc-2.0:/home/dima/.config/gtkrc-2.0
# environment
HOME = /home/dima
# environment
ELECTRON_RUN_AS_NODE = 1
# environment
VSCODE_IPC_HOOK = /run/user/1001/vscode-bb9da3e7-1.95-main.sock
# environment
XDG_SESSION_ID = 3
# environment
XCURSOR_SIZE = 24
# default
.RECIPEPREFIX := 
# automatic
<F = $(notdir $<)
# makefile (from 'Makefile', line 38)
C_SOURCES = Core/Src/main.c Core/Src/stm32g0xx_it.c Core/Src/stm32g0xx_hal_msp.c Drivers/STM32G0xx_HAL_Driver/Src/stm32g0xx_hal_i2c.c Drivers/STM32G0xx_HAL_Driver/Src/stm32g0xx_hal_i2c_ex.c Drivers/STM32G0xx_HAL_Driver/Src/stm32g0xx_hal_rcc.c Drivers/STM32G0xx_HAL_Driver/Src/stm32g0xx_hal_rcc_ex.c Drivers/STM32G0xx_HAL_Driver/Src/stm32g0xx_ll_rcc.c Drivers/STM32G0xx_HAL_Driver/Src/stm32g0xx_hal_flash.c Drivers/STM32G0xx_HAL_Driver/Src/stm32g0xx_hal_flash_ex.c Drivers/STM32G0xx_HAL_Driver/Src/stm32g0xx_hal_gpio.c Drivers/STM32G0xx_HAL_Driver/Src/stm32g0xx_hal_dma.c Drivers/STM32G0xx_HAL_Driver/Src/stm32g0xx_hal_dma_ex.c Drivers/STM32G0xx_HAL_Driver/Src/stm32g0xx_hal_pwr.c Drivers/STM32G0xx_HAL_Driver/Src/stm32g0xx_hal_pwr_ex.c Drivers/STM32G0xx_HAL_Driver/Src/stm32g0xx_hal_cortex.c Drivers/STM32G0xx_HAL_Driver/Src/stm32g0xx_hal.c Drivers/STM32G0xx_HAL_Driver/Src/stm32g0xx_hal_exti.c Drivers/STM32G0xx_HAL_Driver/Src/stm32g0xx_hal_tim.c Drivers/STM32G0xx_HAL_Driver/Src/stm32g0xx_hal_tim_ex.c Drivers/STM32G0xx_HAL_Driver/Src/stm32g0xx_hal_uart.c Drivers/STM32G0xx_HAL_Driver/Src/stm32g0xx_hal_uart_ex.c Core/Src/system_stm32g0xx.c Core/Src/sysmem.c Core/Src/syscalls.c ./Modules/modbus/mb.c ./Modules/modbus/ascii/mbascii.c ./Modules/modbus/port/porttimer.c ./Modules/modbus/port/portevent.c ./Modules/modbus/port/portserial.c ./Modules/modbus/port/mt_port.c ./Modules/modbus/tcp/mbtcp.c ./Modules/modbus/functions/mbfunccoils.c ./Modules/modbus/functions/mbfuncinput.c ./Modules/modbus/functions/mbfuncholding.c ./Modules/modbus/functions/mbfuncdisc.c ./Modules/modbus/functions/mbfuncdiag.c ./Modules/modbus/functions/mbfuncother.c ./Modules/modbus/functions/mbutils.c ./Modules/modbus/rtu/mbrtu.c ./Modules/modbus/rtu/mbcrc.c Drivers/STM32G0xx_HAL_Driver/Src/stm32g0xx_hal_iwdg.c
# default
SUFFIXES := 
# makefile (from 'Makefile', line 16)
TARGET = STM32G0
# environment
QT_AUTO_SCREEN_SCALE_FACTOR = 0
# makefile (from 'Makefile', line 83)
ASM_SOURCES = startup_stm32g031xx.s
# makefile (from 'Makefile', line 23)
DEBUG = 1
# environment
KDE_SESSION_VERSION = 5
# default
.FEATURES := target-specific order-only second-expansion else-if shortest-stem undefine oneshell nocomment grouped-target extra-prereqs archives jobserver output-sync check-symlink load
# makefile (from 'Makefile', line 102)
CC = $(PREFIX)gcc
# environment
QTWEBENGINE_DICTIONARIES_PATH = /usr/share/hunspell-bdic/
# environment
KDE_FULL_SESSION = true
# environment
VSCODE_ESM_ENTRYPOINT = vs/workbench/api/node/extensionHostProcess
# variable set hash-table stats:
# Load=127/1024=12%, Rehash=0, Collisions=4/205=2%

# Pattern-specific Variable Values

# No pattern-specific variable values.

# Directories

# ./Modules/modbus/tcp (device 66306, inode 43259017): 4 files, no impossibilities.
# ./Modules/modbus (device 66306, inode 43259004): 9 files, no impossibilities.
# Drivers/STM32G0xx_HAL_Driver/Src (device 66306, inode 43024257): No files, no impossibilities so far.
# ./Modules/modbus/rtu (device 66306, inode 43259028): 6 files, no impossibilities.
# build: could not be stat'd.
# . (device 66306, inode 42755318): 12 files, no impossibilities.
# ./Modules/modbus/ascii (device 66306, inode 43259006): 4 files, no impossibilities.
# Core/Src (device 66306, inode 42755328): 3 files, no impossibilities so far.
# ./Modules/modbus/functions (device 66306, inode 43259020): 9 files, no impossibilities.
# ./Modules/modbus/port (device 66306, inode 43259033): 8 files, no impossibilities.

# 55 files, no impossibilities in 10 directories.

# Implicit Rules

build/%.o: %.c Makefile | build
#  recipe to execute (from 'Makefile', line 193):
	$(CC) -c $(CFLAGS) -Wa,-a,-ad,-alms=$(BUILD_DIR)/$(notdir $(<:.c=.lst)) $< -o $@

build/%.o: %.s Makefile | build
#  recipe to execute (from 'Makefile', line 196):
	$(AS) -c $(CFLAGS) $< -o $@

build/%.o: %.S Makefile | build
#  recipe to execute (from 'Makefile', line 198):
 
	$(AS) -c $(CFLAGS) $< -o $@

build/%.hex: build/%.elf | build
#  recipe to execute (from 'Makefile', line 205):
	$(HEX) $< $@
	

build/%.bin: build/%.elf | build
#  recipe to execute (from 'Makefile', line 208):
	$(BIN) $< $@	
	

# 5 implicit rules, 0 (0.0%) terminal.
# Files

# Not a target:
build/mbfuncinput.o:
#  Implicit rule search has not been done.
#  Modification time never checked.
#  File has not been updated.

# Not a target:
build/stm32g0xx_hal_flash_ex.o:
#  Implicit rule search has not been done.
#  Modification time never checked.
#  File has not been updated.

prog: build/STM32G0.elf
#  Implicit rule search has not been done.
#  Modification time never checked.
#  File has not been updated.
#  recipe to execute (from 'Makefile', line 226):
	openocd -f interface/stlink-v2.cfg -f target/stm32g0x.cfg -c "program build/$(TARGET).elf verify exit reset"

# Not a target:
build/stm32g0xx_hal_uart_ex.o:
#  Implicit rule search has not been done.
#  Modification time never checked.
#  File has not been updated.

# Not a target:
build/mbutils.o:
#  Implicit rule search has not been done.
#  Modification time never checked.
#  File has not been updated.

# Not a target:
build/stm32g0xx_hal_iwdg.o:
#  Implicit rule search has not been done.
#  Modification time never checked.
#  File has not been updated.

# Not a target:
build/stm32g0xx_hal_dma.o:
#  Implicit rule search has not been done.
#  Modification time never checked.
#  File has not been updated.

build/STM32G0.elf: build/main.o build/stm32g0xx_it.o build/stm32g0xx_hal_msp.o build/stm32g0xx_hal_i2c.o build/stm32g0xx_hal_i2c_ex.o build/stm32g0xx_hal_rcc.o build/stm32g0xx_hal_rcc_ex.o build/stm32g0xx_ll_rcc.o build/stm32g0xx_hal_flash.o build/stm32g0xx_hal_flash_ex.o build/stm32g0xx_hal_gpio.o build/stm32g0xx_hal_dma.o build/stm32g0xx_hal_dma_ex.o build/stm32g0xx_hal_pwr.o build/stm32g0xx_hal_pwr_ex.o build/stm32g0xx_hal_cortex.o build/stm32g0xx_hal.o build/stm32g0xx_hal_exti.o build/stm32g0xx_hal_tim.o build/stm32g0xx_hal_tim_ex.o build/stm32g0xx_hal_uart.o build/stm32g0xx_hal_uart_ex.o build/system_stm32g0xx.o build/sysmem.o build/syscalls.o build/mb.o build/mbascii.o build/porttimer.o build/portevent.o build/portserial.o build/mt_port.o build/mbtcp.o build/mbfunccoils.o build/mbfuncinput.o build/mbfuncholding.o build/mbfuncdisc.o build/mbfuncdiag.o build/mbfuncother.o build/mbutils.o build/mbrtu.o build/mbcrc.o build/stm32g0xx_hal_iwdg.o build/startup_stm32g031xx.o Makefile
#  Implicit rule search has not been done.
#  File does not exist.
#  File has been updated.
#  Needs to be updated (-q is set).
# variable set hash-table stats:
# Load=0/32=0%, Rehash=0, Collisions=0/3=0%
#  recipe to execute (from 'Makefile', line 201):
	$(CC) $(OBJECTS) $(LDFLAGS) -o $@
	$(SZ) $@

# Not a target:
build/mb.o:
#  Implicit rule search has not been done.
#  Modification time never checked.
#  File has not been updated.

# Not a target:
build/mbascii.o:
#  Implicit rule search has not been done.
#  Modification time never checked.
#  File has not been updated.

# Not a target:
build/mbfuncdisc.o:
#  Implicit rule search has not been done.
#  Modification time never checked.
#  File has not been updated.

# Not a target:
Makefile:
#  Implicit rule search has been done.
#  Last modified 2024-10-12 16:54:30.486098164
#  File has been updated.
#  Successfully updated.

# Not a target:
build/stm32g0xx_hal_i2c.o:
#  Implicit rule search has not been done.
#  Modification time never checked.
#  File has not been updated.

# Not a target:
build/stm32g0xx_hal_tim_ex.o:
#  Implicit rule search has not been done.
#  Modification time never checked.
#  File has not been updated.

# Not a target:
build/mbfuncholding.o:
#  Implicit rule search has not been done.
#  Modification time never checked.
#  File has not been updated.

# Not a target:
build/syscalls.o:
#  Implicit rule search has not been done.
#  Modification time never checked.
#  File has not been updated.

clean:
#  Implicit rule search has not been done.
#  Modification time never checked.
#  File has not been updated.
#  recipe to execute (from 'Makefile', line 217):
	-rm -fR $(BUILD_DIR)

# Not a target:
build/stm32g0xx_hal_rcc_ex.o:
#  Implicit rule search has not been done.
#  Modification time never checked.
#  File has not been updated.

# Not a target:
build/stm32g0xx_hal_pwr.o:
#  Implicit rule search has not been done.
#  Modification time never checked.
#  File has not been updated.

# Not a target:
build/portevent.o:
#  Implicit rule search has not been done.
#  Modification time never checked.
#  File has not been updated.

# Not a target:
build/stm32g0xx_hal_pwr_ex.o:
#  Implicit rule search has not been done.
#  Modification time never checked.
#  File has not been updated.

# Not a target:
build/stm32g0xx_hal_cortex.o:
#  Implicit rule search has not been done.
#  Modification time never checked.
#  File has not been updated.

# Not a target:
build/stm32g0xx_hal_i2c_ex.o:
#  Implicit rule search has not been done.
#  Modification time never checked.
#  File has not been updated.

# Not a target:
build/mbfuncother.o:
#  Implicit rule search has not been done.
#  Modification time never checked.
#  File has not been updated.

# Not a target:
build/STM32G0.bin:
#  Implicit rule search has not been done.
#  Modification time never checked.
#  File has not been updated.

# Not a target:
.DEFAULT:
#  Implicit rule search has not been done.
#  Modification time never checked.
#  File has not been updated.

# Not a target:
build/stm32g0xx_hal_gpio.o:
#  Implicit rule search has not been done.
#  Modification time never checked.
#  File has not been updated.

# Not a target:
build/portserial.o:
#  Implicit rule search has not been done.
#  Modification time never checked.
#  File has not been updated.

all: build/STM32G0.elf build/STM32G0.hex build/STM32G0.bin
#  Command line target.
#  Implicit rule search has been done.
#  File does not exist.
#  File has been updated.
#  Needs to be updated (-q is set).
# variable set hash-table stats:
# Load=0/32=0%, Rehash=0, Collisions=0/3=0%

# Not a target:
build/sysmem.o:
#  Implicit rule search has not been done.
#  Modification time never checked.
#  File has not been updated.

build:
#  Implicit rule search has not been done.
#  Implicit/static pattern stem: ''
#  File does not exist.
#  File has been updated.
#  Needs to be updated (-q is set).
# automatic
# @ := build
# automatic
# * := 
# automatic
# < := 
# automatic
# + := 
# automatic
# % := 
# automatic
# ^ := 
# automatic
# ? := 
# automatic
# | := 
# variable set hash-table stats:
# Load=8/32=25%, Rehash=0, Collisions=1/12=8%
#  recipe to execute (from 'Makefile', line 211):
	mkdir $@		

# Not a target:
build/stm32g0xx_it.o:
#  Implicit rule search has not been done.
#  Modification time never checked.
#  File has not been updated.

# Not a target:
build/porttimer.o:
#  Implicit rule search has not been done.
#  Modification time never checked.
#  File has not been updated.

# Not a target:
build/mbfuncdiag.o:
#  Implicit rule search has not been done.
#  Modification time never checked.
#  File has not been updated.

# Not a target:
build/stm32g0xx_hal_exti.o:
#  Implicit rule search has not been done.
#  Modification time never checked.
#  File has not been updated.

# Not a target:
build/stm32g0xx_hal.o:
#  Implicit rule search has not been done.
#  Modification time never checked.
#  File has not been updated.

# Not a target:
build/stm32g0xx_ll_rcc.o:
#  Implicit rule search has not been done.
#  Modification time never checked.
#  File has not been updated.

# Not a target:
build/startup_stm32g031xx.o:
#  Implicit rule search has not been done.
#  Modification time never checked.
#  File has not been updated.

# Not a target:
Core/Src/main.c:
 
#  Implicit rule search has been done.
#  Last modified 2024-10-12 17:30:14.207066384
#  File has been updated.
#  Successfully updated.

# Not a target:
build/STM32G0.hex:
#  Implicit rule search has not been done.
#  Modification time never checked.
#  File has not been updated.

# Not a target:
build/stm32g0xx_hal_tim.o:
#  Implicit rule search has not been done.
#  Modification time never checked.
#  File has not been updated.

# Not a target:
build/mbrtu.o:
#  Implicit rule search has not been done.
#  Modification time never checked.
#  File has not been updated.

# Not a target:
build/mbtcp.o:
#  Implicit rule search has not been done.
#  Modification time never checked.
#  File has not been updated.

# Not a target:
build/mbcrc.o:
#  Implicit rule search has not been done.
#  Modification time never checked.
#  File has not been updated.

# Not a target:
build/stm32g0xx_hal_uart.o:
#  Implicit rule search has not been done.
#  Modification time never checked.
#  File has not been updated.

# Not a target:
build/stm32g0xx_hal_flash.o:
#  Implicit rule search has not been done.
#  Modification time never checked.
#  File has not been updated.

# Not a target:
build/stm32g0xx_hal_dma_ex.o:
#  Implicit rule search has not been done.
#  Modification time never checked.
#  File has not been updated.

# Not a target:
.SUFFIXES:
#  Implicit rule search has not been done.
#  Modification time never checked.
#  File has not been updated.

build/main.o: Core/Src/main.c Makefile | build
#  Implicit rule search has been done.
#  Implicit/static pattern stem: 'main'
#  File does not exist.
#  File has been updated.
#  Needs to be updated (-q is set).
# variable set hash-table stats:
# Load=0/32=0%, Rehash=0, Collisions=0/3=0%
#  recipe to execute (from 'Makefile', line 193):
	$(CC) -c $(CFLAGS) -Wa,-a,-ad,-alms=$(BUILD_DIR)/$(notdir $(<:.c=.lst)) $< -o $@

# Not a target:
build/mt_port.o:
#  Implicit rule search has not been done.
#  Modification time never checked.
#  File has not been updated.

# Not a target:
build/stm32g0xx_hal_msp.o:
#  Implicit rule search has not been done.
#  Modification time never checked.
#  File has not been updated.

# Not a target:
build/system_stm32g0xx.o:
#  Implicit rule search has not been done.
#  Modification time never checked.
#  File has not been updated.

# Not a target:
build/stm32g0xx_hal_rcc.o:
#  Implicit rule search has not been done.
#  Modification time never checked.
#  File has not been updated.

# Not a target:
build/mbfunccoils.o:
#  Implicit rule search has not been done.
#  Modification time never checked.
#  File has not been updated.

# files hash-table stats:
# Load=54/1024=5%, Rehash=0, Collisions=3/140=2%
# VPATH Search Paths

vpath %.c ./Modules/modbus:./Modules/modbus/ascii:./Modules/modbus/functions:./Modules/modbus/port:./Modules/modbus/rtu:./Modules/modbus/tcp:Core/Src:Drivers/STM32G0xx_HAL_Driver/Src

# 1 'vpath' search paths.

# No general ('VPATH' variable) search path.

# strcache buffers: 1 (0) / strings = 113 / storage = 1753 B / avg = 15 B
# current buf: size = 8162 B / used = 1753 B / count = 113 / avg = 15 B

# strcache performance: lookups = 168 / hit rate = 32%
# hash-table stats:
# Load=113/8192=1%, Rehash=0, Collisions=0/168=0%
# Finished Make data base on Fri Jan 24 22:04:14 2025

 
